\BOOKMARK [1][-]{section.1}{\376\377\000I\000n\000t\000r\000o\000d\000u\000c\000t\000i\000o\000n}{}% 1
\BOOKMARK [2][-]{subsection.1.1}{\376\377\000C\000o\000n\000t\000r\000i\000b\000u\000t\000i\000o\000n\000s}{section.1}% 2
\BOOKMARK [1][-]{section.2}{\376\377\000M\000a\000t\000h\000e\000m\000a\000t\000i\000c\000a\000l\000\040\000F\000o\000r\000m\000u\000l\000a\000t\000i\000o\000n}{}% 3
\BOOKMARK [2][-]{subsection.2.1}{\376\377\000D\000P\000F\000\040\000A\000l\000g\000e\000b\000r\000a}{section.2}% 4
\BOOKMARK [2][-]{subsection.2.2}{\376\377\000S\000e\000r\000v\000e\000r\000\040\000A\000c\000c\000u\000m\000u\000l\000a\000t\000i\000o\000n}{section.2}% 5
\BOOKMARK [1][-]{section.3}{\376\377\000T\000h\000e\000\040\000P\000r\000o\000t\000o\000c\000o\000l}{}% 6
\BOOKMARK [2][-]{subsection.3.1}{\376\377\000P\000a\000r\000a\000l\000l\000e\000l\000\040\000C\000u\000c\000k\000o\000o\000\040\000A\000d\000d\000r\000e\000s\000s\000i\000n\000g}{section.3}% 7
\BOOKMARK [3][-]{subsubsection.3.1.1}{\376\377\000R\000a\000n\000d\000o\000m\000-\000W\000a\000l\000k\000\040\000C\000u\000c\000k\000o\000o\000\040\000I\000n\000s\000e\000r\000t\000i\000o\000n}{subsection.3.1}% 8
\BOOKMARK [2][-]{subsection.3.2}{\376\377\000E\000p\000o\000c\000h\000-\000B\000a\000s\000e\000d\000\040\000D\000e\000l\000t\000a\000-\000P\000I\000R}{section.3}% 9
\BOOKMARK [3][-]{subsubsection.3.2.1}{\376\377\000T\000h\000e\000\040\000E\000p\000o\000c\000h\000\040\000L\000i\000f\000e\000c\000y\000c\000l\000e}{subsection.3.2}% 10
\BOOKMARK [1][-]{section.4}{\376\377\000S\000e\000c\000u\000r\000i\000t\000y\000\040\000A\000n\000a\000l\000y\000s\000i\000s}{}% 11
\BOOKMARK [2][-]{subsection.4.1}{\376\377\000P\000r\000i\000v\000a\000c\000y\000\040\000P\000r\000o\000o\000f}{section.4}% 12
\BOOKMARK [2][-]{subsection.4.2}{\376\377\000L\000e\000a\000k\000a\000g\000e\000\040\000A\000s\000s\000e\000s\000s\000m\000e\000n\000t}{section.4}% 13
\BOOKMARK [1][-]{section.5}{\376\377\000P\000e\000r\000f\000o\000r\000m\000a\000n\000c\000e}{}% 14
\BOOKMARK [2][-]{subsection.5.1}{\376\377\000M\000e\000m\000o\000r\000y\000\040\000B\000a\000n\000d\000w\000i\000d\000t\000h}{section.5}% 15
\BOOKMARK [2][-]{subsection.5.2}{\376\377\000Q\000u\000e\000r\000y\000\040\000M\000o\000d\000e\000\040\000P\000e\000r\000f\000o\000r\000m\000a\000n\000c\000e}{section.5}% 16
\BOOKMARK [2][-]{subsection.5.3}{\376\377\000C\000u\000c\000k\000o\000o\000\040\000L\000o\000a\000d\000\040\000F\000a\000c\000t\000o\000r}{section.5}% 17
\BOOKMARK [1][-]{section.6}{\376\377\000W\000h\000y\000\040\000`\000`\000M\000o\000r\000p\000h\000o\000g\000e\000n\000e\000s\000i\000s\000'\000'\000?}{}% 18
\BOOKMARK [2][-]{subsection.6.1}{\376\377\000T\000h\000e\000\040\000M\000o\000r\000p\000h\000o\000g\000e\000n\000\040\000S\000i\000g\000n\000a\000l}{section.6}% 19
\BOOKMARK [2][-]{subsection.6.2}{\376\377\000T\000u\000r\000i\000n\000g\000\040\000P\000a\000t\000t\000e\000r\000n\000s\000\040\000\050\000R\000e\000a\000c\000t\000i\000o\000n\000-\000D\000i\000f\000f\000u\000s\000i\000o\000n\000\051}{section.6}% 20
\BOOKMARK [2][-]{subsection.6.3}{\376\377\000G\000e\000n\000e\000s\000i\000s\000:\000\040\000C\000r\000e\000a\000t\000i\000o\000n\000\040\000o\000f\000\040\000F\000o\000r\000m}{section.6}% 21
\BOOKMARK [1][-]{section.7}{\376\377\000C\000o\000n\000c\000l\000u\000s\000i\000o\000n}{}% 22
